<?xml version="1.0" encoding="UTF-8"?>
<!-- Generated by org.testng.reporters.JUnitReportReporter -->
<testsuite skipped="0" hostname="SuryaPC" name="in.srssprojects.keximbank.ParameterExecution" tests="8" failures="0" timestamp="04 Mar 2019 03:45:03 GMT" time="25.924" errors="0">
  <testcase name="testLogin" time="2.014" classname="in.srssprojects.keximbank.ParameterExecution"/>
  <testcase name="testLogin" time="2.431" classname="in.srssprojects.keximbank.ParameterExecution"/>
  <testcase name="roleCreationReset" time="2.908" classname="in.srssprojects.keximbank.ParameterExecution"/>
  <testcase name="roleCreationCancel" time="1.968" classname="in.srssprojects.keximbank.ParameterExecution"/>
  <testcase name="employeeCreationReset" time="5.713" classname="in.srssprojects.keximbank.ParameterExecution"/>
  <testcase name="employeeCreationCancel" time="3.572" classname="in.srssprojects.keximbank.ParameterExecution"/>
  <testcase name="branchCreationRest" time="4.632" classname="in.srssprojects.keximbank.ParameterExecution"/>
  <testcase name="branchCreationCancel" time="2.686" classname="in.srssprojects.keximbank.ParameterExecution"/>
</testsuite> <!-- in.srssprojects.keximbank.ParameterExecution -->
