<?xml version="1.0" encoding="UTF-8"?>
<!-- Generated by org.testng.reporters.JUnitReportReporter -->
<testsuite skipped="0" hostname="SuryaPC" name="in.srssprojects.keximbank.BaseicExecution" tests="2" failures="0" timestamp="07 Mar 2019 03:46:31 GMT" time="73.721" errors="0">
  <testcase name="testLogin" time="2.490" classname="in.srssprojects.keximbank.BaseicExecution"/>
  <testcase name="testTable" time="71.231" classname="in.srssprojects.keximbank.BaseicExecution"/>
</testsuite> <!-- in.srssprojects.keximbank.BaseicExecution -->
