<?xml version="1.0" encoding="UTF-8"?>
<!-- Generated by org.testng.reporters.JUnitReportReporter -->
<testsuite skipped="0" hostname="SuryaPC" name="in.srssprojects.keximbank.TestExecution" tests="2" failures="0" timestamp="02 Mar 2019 07:56:29 GMT" time="10.701" errors="0">
  <testcase name="testLogin" time="2.515" classname="in.srssprojects.keximbank.TestExecution"/>
  <testcase name="employeeCreationReset" time="8.186" classname="in.srssprojects.keximbank.TestExecution"/>
</testsuite> <!-- in.srssprojects.keximbank.TestExecution -->
