<?xml version="1.0" encoding="UTF-8"?>
<!-- Generated by org.testng.reporters.JUnitReportReporter -->
<testsuite skipped="0" hostname="SuryaPC" name="in.srssprojects.keximbank.TestExecution" tests="8" failures="0" timestamp="28 Feb 2019 03:54:17 GMT" time="26.565" errors="0">
  <testcase name="browserLaunch" time="10.427" classname="in.srssprojects.keximbank.TestExecution"/>
  <testcase name="testLogin" time="2.491" classname="in.srssprojects.keximbank.TestExecution"/>
  <testcase name="roleCreationWithValidData" time="3.532" classname="in.srssprojects.keximbank.TestExecution"/>
  <testcase name="roleCreationWithDuplicateData" time="1.969" classname="in.srssprojects.keximbank.TestExecution"/>
  <testcase name="roleCreationWithBlankData" time="1.209" classname="in.srssprojects.keximbank.TestExecution"/>
  <testcase name="roleCreationReset" time="2.321" classname="in.srssprojects.keximbank.TestExecution"/>
  <testcase name="roleCreationCancel" time="1.506" classname="in.srssprojects.keximbank.TestExecution"/>
  <testcase name="logoutTest" time="3.110" classname="in.srssprojects.keximbank.TestExecution"/>
</testsuite> <!-- in.srssprojects.keximbank.TestExecution -->
